<?xml version="1.0" encoding="UTF-8"?>
<testng-results total="1" passed="1" failed="0" skipped="0">
  <reporter-output>
  </reporter-output>
  <suite started-at="2024-03-18T06:10:17Z" name="Default suite" finished-at="2024-03-18T06:10:43Z" duration-ms="25742">
    <groups>
    </groups>
    <test started-at="2024-03-18T06:10:17Z" name="Default test" finished-at="2024-03-18T06:10:43Z" duration-ms="25742">
      <class name="ui.RedBusCalendarTest">
        <test-method is-config="true" signature="setUp()[pri:0, instance:ui.RedBusCalendarTest@70f02c32]" started-at="2024-03-18T11:40:17Z" name="setUp" finished-at="2024-03-18T11:40:31Z" duration-ms="13891" status="PASS">
          <reporter-output>
          </reporter-output>
        </test-method> <!-- setUp -->
        <test-method signature="calendarTest()[pri:0, instance:ui.RedBusCalendarTest@70f02c32]" started-at="2024-03-18T11:40:31Z" name="calendarTest" finished-at="2024-03-18T11:40:42Z" duration-ms="11289" status="PASS">
          <reporter-output>
          </reporter-output>
        </test-method> <!-- calendarTest -->
        <test-method is-config="true" signature="tearDown()[pri:0, instance:ui.RedBusCalendarTest@70f02c32]" started-at="2024-03-18T11:40:42Z" name="tearDown" finished-at="2024-03-18T11:40:43Z" duration-ms="520" status="PASS">
          <reporter-output>
          </reporter-output>
        </test-method> <!-- tearDown -->
      </class> <!-- ui.RedBusCalendarTest -->
    </test> <!-- Default test -->
  </suite> <!-- Default suite -->
</testng-results>
